  glad.c
  stb.cpp
  application.cpp
  context.cpp
D:\Dev\ApplicationFramework\source\context.cpp(55,63): warning C4267: "argument": konwersja z "size_t" do "int", możliwa utrata danych
  input.cpp
  main.cpp
  matrix.cpp
D:\Dev\ApplicationFramework\source\matrix.cpp(34,29): warning C4244: "+=": konwersja z "double" do "float", możliwa utrata danych
D:\Dev\ApplicationFramework\source\matrix.cpp(35,29): warning C4244: "+=": konwersja z "double" do "float", możliwa utrata danych
D:\Dev\ApplicationFramework\source\matrix.cpp(36,29): warning C4244: "+=": konwersja z "double" do "float", możliwa utrata danych
D:\Dev\ApplicationFramework\source\matrix.cpp(97,29): warning C4244: "*=": konwersja z "double" do "float", możliwa utrata danych
D:\Dev\ApplicationFramework\source\matrix.cpp(98,29): warning C4244: "*=": konwersja z "double" do "float", możliwa utrata danych
D:\Dev\ApplicationFramework\source\matrix.cpp(99,29): warning C4244: "*=": konwersja z "double" do "float", możliwa utrata danych
D:\Dev\ApplicationFramework\source\matrix.cpp(115,26): warning C4244: "=": konwersja z "double" do "float", możliwa utrata danych
D:\Dev\ApplicationFramework\source\matrix.cpp(116,26): warning C4244: "=": konwersja z "double" do "float", możliwa utrata danych
D:\Dev\ApplicationFramework\source\matrix.cpp(117,23): warning C4244: "=": konwersja z "double" do "float", możliwa utrata danych
D:\Dev\ApplicationFramework\source\matrix.cpp(118,26): warning C4244: "=": konwersja z "double" do "float", możliwa utrata danych
D:\Dev\ApplicationFramework\source\matrix.cpp(120,26): warning C4244: "=": konwersja z "double" do "float", możliwa utrata danych
D:\Dev\ApplicationFramework\source\matrix.cpp(121,23): warning C4244: "=": konwersja z "double" do "float", możliwa utrata danych
D:\Dev\ApplicationFramework\source\matrix.cpp(122,26): warning C4244: "=": konwersja z "double" do "float", możliwa utrata danych
D:\Dev\ApplicationFramework\source\matrix.cpp(123,26): warning C4244: "=": konwersja z "double" do "float", możliwa utrata danych
D:\Dev\ApplicationFramework\source\matrix.cpp(125,26): warning C4244: "=": konwersja z "double" do "float", możliwa utrata danych
D:\Dev\ApplicationFramework\source\matrix.cpp(126,26): warning C4244: "=": konwersja z "double" do "float", możliwa utrata danych
D:\Dev\ApplicationFramework\source\matrix.cpp(127,23): warning C4244: "=": konwersja z "double" do "float", możliwa utrata danych
D:\Dev\ApplicationFramework\source\matrix.cpp(128,26): warning C4244: "=": konwersja z "double" do "float", możliwa utrata danych
D:\Dev\ApplicationFramework\source\matrix.cpp(158,26): warning C4244: "=": konwersja z "_Ty" do "float", możliwa utrata danych
          with
          [
              _Ty=double
          ]
D:\Dev\ApplicationFramework\source\matrix.cpp(159,26): warning C4244: "=": konwersja z "_Ty" do "float", możliwa utrata danych
          with
          [
              _Ty=double
          ]
D:\Dev\ApplicationFramework\source\matrix.cpp(160,26): warning C4244: "=": konwersja z "_Ty" do "float", możliwa utrata danych
          with
          [
              _Ty=double
          ]
D:\Dev\ApplicationFramework\source\matrix.cpp(161,26): warning C4244: "=": konwersja z "_Ty" do "float", możliwa utrata danych
          with
          [
              _Ty=double
          ]
D:\Dev\ApplicationFramework\source\matrix.cpp(163,26): warning C4244: "=": konwersja z "_Ty" do "float", możliwa utrata danych
          with
          [
              _Ty=double
          ]
D:\Dev\ApplicationFramework\source\matrix.cpp(164,26): warning C4244: "=": konwersja z "_Ty" do "float", możliwa utrata danych
          with
          [
              _Ty=double
          ]
D:\Dev\ApplicationFramework\source\matrix.cpp(165,26): warning C4244: "=": konwersja z "_Ty" do "float", możliwa utrata danych
          with
          [
              _Ty=double
          ]
D:\Dev\ApplicationFramework\source\matrix.cpp(166,26): warning C4244: "=": konwersja z "_Ty" do "float", możliwa utrata danych
          with
          [
              _Ty=double
          ]
D:\Dev\ApplicationFramework\source\matrix.cpp(168,26): warning C4244: "=": konwersja z "_Ty" do "float", możliwa utrata danych
          with
          [
              _Ty=double
          ]
D:\Dev\ApplicationFramework\source\matrix.cpp(169,26): warning C4244: "=": konwersja z "_Ty" do "float", możliwa utrata danych
          with
          [
              _Ty=double
          ]
D:\Dev\ApplicationFramework\source\matrix.cpp(170,26): warning C4244: "=": konwersja z "_Ty" do "float", możliwa utrata danych
          with
          [
              _Ty=double
          ]
D:\Dev\ApplicationFramework\source\matrix.cpp(171,26): warning C4244: "=": konwersja z "_Ty" do "float", możliwa utrata danych
          with
          [
              _Ty=double
          ]
D:\Dev\ApplicationFramework\source\matrix.cpp(173,26): warning C4244: "=": konwersja z "_Ty" do "float", możliwa utrata danych
          with
          [
              _Ty=double
          ]
D:\Dev\ApplicationFramework\source\matrix.cpp(174,26): warning C4244: "=": konwersja z "_Ty" do "float", możliwa utrata danych
          with
          [
              _Ty=double
          ]
D:\Dev\ApplicationFramework\source\matrix.cpp(175,26): warning C4244: "=": konwersja z "_Ty" do "float", możliwa utrata danych
          with
          [
              _Ty=double
          ]
D:\Dev\ApplicationFramework\source\matrix.cpp(176,26): warning C4244: "=": konwersja z "_Ty" do "float", możliwa utrata danych
          with
          [
              _Ty=double
          ]
D:\Dev\ApplicationFramework\source\matrix.cpp(239,22): warning C4244: "+=": konwersja z "double" do "float", możliwa utrata danych
D:\Dev\ApplicationFramework\source\matrix.cpp(240,22): warning C4244: "+=": konwersja z "double" do "float", możliwa utrata danych
D:\Dev\ApplicationFramework\source\matrix.cpp(241,22): warning C4244: "+=": konwersja z "double" do "float", możliwa utrata danych
D:\Dev\ApplicationFramework\source\matrix.cpp(300,28): warning C4244: "=": konwersja z "double" do "float", możliwa utrata danych
D:\Dev\ApplicationFramework\source\matrix.cpp(301,28): warning C4244: "=": konwersja z "double" do "float", możliwa utrata danych
D:\Dev\ApplicationFramework\source\matrix.cpp(302,28): warning C4244: "=": konwersja z "double" do "float", możliwa utrata danych
D:\Dev\ApplicationFramework\source\matrix.cpp(318,26): warning C4244: "=": konwersja z "double" do "float", możliwa utrata danych
D:\Dev\ApplicationFramework\source\matrix.cpp(319,26): warning C4244: "=": konwersja z "double" do "float", możliwa utrata danych
D:\Dev\ApplicationFramework\source\matrix.cpp(320,23): warning C4244: "=": konwersja z "double" do "float", możliwa utrata danych
D:\Dev\ApplicationFramework\source\matrix.cpp(321,26): warning C4244: "=": konwersja z "double" do "float", możliwa utrata danych
D:\Dev\ApplicationFramework\source\matrix.cpp(323,26): warning C4244: "=": konwersja z "double" do "float", możliwa utrata danych
D:\Dev\ApplicationFramework\source\matrix.cpp(324,23): warning C4244: "=": konwersja z "double" do "float", możliwa utrata danych
D:\Dev\ApplicationFramework\source\matrix.cpp(325,26): warning C4244: "=": konwersja z "double" do "float", możliwa utrata danych
D:\Dev\ApplicationFramework\source\matrix.cpp(326,26): warning C4244: "=": konwersja z "double" do "float", możliwa utrata danych
D:\Dev\ApplicationFramework\source\matrix.cpp(328,26): warning C4244: "=": konwersja z "double" do "float", możliwa utrata danych
D:\Dev\ApplicationFramework\source\matrix.cpp(329,26): warning C4244: "=": konwersja z "double" do "float", możliwa utrata danych
D:\Dev\ApplicationFramework\source\matrix.cpp(330,23): warning C4244: "=": konwersja z "double" do "float", możliwa utrata danych
D:\Dev\ApplicationFramework\source\matrix.cpp(331,26): warning C4244: "=": konwersja z "double" do "float", możliwa utrata danych
D:\Dev\ApplicationFramework\source\matrix.cpp(349,26): warning C4244: "=": konwersja z "double" do "float", możliwa utrata danych
D:\Dev\ApplicationFramework\source\matrix.cpp(350,26): warning C4244: "=": konwersja z "double" do "float", możliwa utrata danych
D:\Dev\ApplicationFramework\source\matrix.cpp(351,27): warning C4244: "=": konwersja z "double" do "float", możliwa utrata danych
D:\Dev\ApplicationFramework\source\matrix.cpp(352,38): warning C4244: "=": konwersja z "double" do "float", możliwa utrata danych
D:\Dev\ApplicationFramework\source\matrix.cpp(353,38): warning C4244: "=": konwersja z "double" do "float", możliwa utrata danych
D:\Dev\ApplicationFramework\source\matrix.cpp(354,36): warning C4244: "=": konwersja z "double" do "float", możliwa utrata danych
  object.cpp
D:\Dev\ApplicationFramework\source\object.cpp(122,35): warning C4267: "=": konwersja z "size_t" do "int", możliwa utrata danych
D:\Dev\ApplicationFramework\source\object.cpp(220,35): warning C4267: "=": konwersja z "size_t" do "int", możliwa utrata danych
  utility.cpp
  vector.cpp
LINK : warning LNK4098: domyślna biblioteka „MSVCRTD” powoduje konflikt z innymi bibliotekami; użyj opcji /NODEFAULTLIB:biblioteka
  Trwa generowanie kodu
  423 of 777 functions (54.4%) were compiled, the rest were copied from previous compilation.
    144 functions were new in current compilation
    44 functions had inline decision re-evaluated but remain unchanged
  Zakończono generowanie kodu
glfw3.lib(context.obj) : warning LNK4099: nie znaleziono pliku PDB „” z elementem „glfw3.lib(context.obj)” lub w pozycji „”; obiekt zostanie skonsolidowany bez informacji debugowania
glfw3.lib(init.obj) : warning LNK4099: nie znaleziono pliku PDB „” z elementem „glfw3.lib(init.obj)” lub w pozycji „”; obiekt zostanie skonsolidowany bez informacji debugowania
glfw3.lib(window.obj) : warning LNK4099: nie znaleziono pliku PDB „” z elementem „glfw3.lib(window.obj)” lub w pozycji „”; obiekt zostanie skonsolidowany bez informacji debugowania
glfw3.lib(monitor.obj) : warning LNK4099: nie znaleziono pliku PDB „” z elementem „glfw3.lib(monitor.obj)” lub w pozycji „”; obiekt zostanie skonsolidowany bez informacji debugowania
glfw3.lib(input.obj) : warning LNK4099: nie znaleziono pliku PDB „” z elementem „glfw3.lib(input.obj)” lub w pozycji „”; obiekt zostanie skonsolidowany bez informacji debugowania
glfw3.lib(win32_thread.obj) : warning LNK4099: nie znaleziono pliku PDB „” z elementem „glfw3.lib(win32_thread.obj)” lub w pozycji „”; obiekt zostanie skonsolidowany bez informacji debugowania
glfw3.lib(win32_init.obj) : warning LNK4099: nie znaleziono pliku PDB „” z elementem „glfw3.lib(win32_init.obj)” lub w pozycji „”; obiekt zostanie skonsolidowany bez informacji debugowania
glfw3.lib(win32_monitor.obj) : warning LNK4099: nie znaleziono pliku PDB „” z elementem „glfw3.lib(win32_monitor.obj)” lub w pozycji „”; obiekt zostanie skonsolidowany bez informacji debugowania
glfw3.lib(win32_time.obj) : warning LNK4099: nie znaleziono pliku PDB „” z elementem „glfw3.lib(win32_time.obj)” lub w pozycji „”; obiekt zostanie skonsolidowany bez informacji debugowania
glfw3.lib(vulkan.obj) : warning LNK4099: nie znaleziono pliku PDB „” z elementem „glfw3.lib(vulkan.obj)” lub w pozycji „”; obiekt zostanie skonsolidowany bez informacji debugowania
glfw3.lib(win32_window.obj) : warning LNK4099: nie znaleziono pliku PDB „” z elementem „glfw3.lib(win32_window.obj)” lub w pozycji „”; obiekt zostanie skonsolidowany bez informacji debugowania
glfw3.lib(win32_joystick.obj) : warning LNK4099: nie znaleziono pliku PDB „” z elementem „glfw3.lib(win32_joystick.obj)” lub w pozycji „”; obiekt zostanie skonsolidowany bez informacji debugowania
glfw3.lib(wgl_context.obj) : warning LNK4099: nie znaleziono pliku PDB „” z elementem „glfw3.lib(wgl_context.obj)” lub w pozycji „”; obiekt zostanie skonsolidowany bez informacji debugowania
glfw3.lib(egl_context.obj) : warning LNK4099: nie znaleziono pliku PDB „” z elementem „glfw3.lib(egl_context.obj)” lub w pozycji „”; obiekt zostanie skonsolidowany bez informacji debugowania
glfw3.lib(osmesa_context.obj) : warning LNK4099: nie znaleziono pliku PDB „” z elementem „glfw3.lib(osmesa_context.obj)” lub w pozycji „”; obiekt zostanie skonsolidowany bez informacji debugowania
  ApplicationFramework.vcxproj -> D:\Dev\ApplicationFramework\build\ApplicationFramework.exe
