  AF.cpp
  application.cpp
D:\Dev\ApplicationFramework\src\application.cpp(123,28): warning C4267: "return": konwersja z "size_t" do "uInt", możliwa utrata danych
  context.cpp
D:\Dev\ApplicationFramework\src\context.cpp(33,29): warning C4267: "return": konwersja z "size_t" do "uInt", możliwa utrata danych
D:\Dev\ApplicationFramework\src\context.cpp(96,25): warning C4267: "return": konwersja z "size_t" do "uInt", możliwa utrata danych
  input.cpp
  matrix.cpp
D:\Dev\ApplicationFramework\src\matrix.cpp(14,45): warning C4244: "=": konwersja z "_Ty" do "float", możliwa utrata danych
          with
          [
              _Ty=double
          ]
D:\Dev\ApplicationFramework\src\matrix.cpp(137,31): warning C4244: "=": konwersja z "double" do "float", możliwa utrata danych
D:\Dev\ApplicationFramework\src\matrix.cpp(138,31): warning C4244: "=": konwersja z "double" do "float", możliwa utrata danych
D:\Dev\ApplicationFramework\src\matrix.cpp(139,31): warning C4244: "=": konwersja z "double" do "float", możliwa utrata danych
D:\Dev\ApplicationFramework\src\matrix.cpp(149,31): warning C4244: "=": konwersja z "double" do "float", możliwa utrata danych
D:\Dev\ApplicationFramework\src\matrix.cpp(150,31): warning C4244: "=": konwersja z "double" do "float", możliwa utrata danych
D:\Dev\ApplicationFramework\src\matrix.cpp(151,31): warning C4244: "=": konwersja z "double" do "float", możliwa utrata danych
D:\Dev\ApplicationFramework\src\matrix.cpp(161,37): warning C4244: "=": konwersja z "double" do "float", możliwa utrata danych
D:\Dev\ApplicationFramework\src\matrix.cpp(162,37): warning C4244: "=": konwersja z "double" do "float", możliwa utrata danych
D:\Dev\ApplicationFramework\src\matrix.cpp(163,25): warning C4244: "=": konwersja z "double" do "float", możliwa utrata danych
D:\Dev\ApplicationFramework\src\matrix.cpp(165,65): warning C4244: "=": konwersja z "double" do "float", możliwa utrata danych
D:\Dev\ApplicationFramework\src\matrix.cpp(166,65): warning C4244: "=": konwersja z "double" do "float", możliwa utrata danych
D:\Dev\ApplicationFramework\src\matrix.cpp(167,37): warning C4244: "=": konwersja z "double" do "float", możliwa utrata danych
D:\Dev\ApplicationFramework\src\matrix.cpp(169,65): warning C4244: "=": konwersja z "double" do "float", możliwa utrata danych
D:\Dev\ApplicationFramework\src\matrix.cpp(170,65): warning C4244: "=": konwersja z "double" do "float", możliwa utrata danych
D:\Dev\ApplicationFramework\src\matrix.cpp(171,37): warning C4244: "=": konwersja z "double" do "float", możliwa utrata danych
D:\Dev\ApplicationFramework\src\matrix.cpp(188,29): warning C4244: "=": konwersja z "double" do "float", możliwa utrata danych
D:\Dev\ApplicationFramework\src\matrix.cpp(189,29): warning C4244: "=": konwersja z "double" do "float", możliwa utrata danych
D:\Dev\ApplicationFramework\src\matrix.cpp(190,30): warning C4244: "=": konwersja z "double" do "float", możliwa utrata danych
D:\Dev\ApplicationFramework\src\matrix.cpp(192,43): warning C4244: "=": konwersja z "double" do "float", możliwa utrata danych
D:\Dev\ApplicationFramework\src\matrix.cpp(193,43): warning C4244: "=": konwersja z "double" do "float", możliwa utrata danych
D:\Dev\ApplicationFramework\src\matrix.cpp(194,41): warning C4244: "=": konwersja z "double" do "float", możliwa utrata danych
D:\Dev\ApplicationFramework\src\matrix.cpp(231,31): warning C4244: "=": konwersja z "double" do "float", możliwa utrata danych
D:\Dev\ApplicationFramework\src\matrix.cpp(232,31): warning C4244: "=": konwersja z "double" do "float", możliwa utrata danych
D:\Dev\ApplicationFramework\src\matrix.cpp(233,31): warning C4244: "=": konwersja z "double" do "float", możliwa utrata danych
D:\Dev\ApplicationFramework\src\matrix.cpp(243,31): warning C4244: "=": konwersja z "double" do "float", możliwa utrata danych
D:\Dev\ApplicationFramework\src\matrix.cpp(244,31): warning C4244: "=": konwersja z "double" do "float", możliwa utrata danych
D:\Dev\ApplicationFramework\src\matrix.cpp(245,31): warning C4244: "=": konwersja z "double" do "float", możliwa utrata danych
D:\Dev\ApplicationFramework\src\matrix.cpp(255,37): warning C4244: "=": konwersja z "double" do "float", możliwa utrata danych
D:\Dev\ApplicationFramework\src\matrix.cpp(256,37): warning C4244: "=": konwersja z "double" do "float", możliwa utrata danych
D:\Dev\ApplicationFramework\src\matrix.cpp(257,25): warning C4244: "=": konwersja z "double" do "float", możliwa utrata danych
D:\Dev\ApplicationFramework\src\matrix.cpp(259,65): warning C4244: "=": konwersja z "double" do "float", możliwa utrata danych
D:\Dev\ApplicationFramework\src\matrix.cpp(260,65): warning C4244: "=": konwersja z "double" do "float", możliwa utrata danych
D:\Dev\ApplicationFramework\src\matrix.cpp(261,37): warning C4244: "=": konwersja z "double" do "float", możliwa utrata danych
D:\Dev\ApplicationFramework\src\matrix.cpp(263,65): warning C4244: "=": konwersja z "double" do "float", możliwa utrata danych
D:\Dev\ApplicationFramework\src\matrix.cpp(264,65): warning C4244: "=": konwersja z "double" do "float", możliwa utrata danych
D:\Dev\ApplicationFramework\src\matrix.cpp(265,37): warning C4244: "=": konwersja z "double" do "float", możliwa utrata danych
  object.cpp
D:\Dev\ApplicationFramework\src\object.cpp(113,35): warning C4267: "=": konwersja z "size_t" do "uInt", możliwa utrata danych
D:\Dev\ApplicationFramework\src\object.cpp(207,35): warning C4267: "=": konwersja z "size_t" do "int", możliwa utrata danych
D:\Dev\ApplicationFramework\src\object.cpp(350,53): warning C4244: "argument": konwersja z "__int64" do "_Ty", możliwa utrata danych
          with
          [
              _Ty=int
          ]
  utility.cpp
  vector.cpp
  Generowanie kodu...
  AF.vcxproj -> D:\Dev\ApplicationFramework\test\AF.lib
