  example1.cpp
  Previous IPDB not found, fall back to full compilation.
LINK : warning LNK4098: domyślna biblioteka „MSVCRTD” powoduje konflikt z innymi bibliotekami; użyj opcji /NODEFAULTLIB:biblioteka
  Trwa generowanie kodu
  All 480 functions were compiled because no usable IPDB/IOBJ from previous compilation was found.
  Zakończono generowanie kodu
AF.lib(input.obj) : warning LNK4099: nie znaleziono pliku PDB „” z elementem „AF.lib(input.obj)” lub w pozycji „”; obiekt zostanie skonsolidowany bez informacji debugowania
AF.lib(window.obj) : warning LNK4099: nie znaleziono pliku PDB „” z elementem „AF.lib(window.obj)” lub w pozycji „”; obiekt zostanie skonsolidowany bez informacji debugowania
AF.lib(context.obj) : warning LNK4099: nie znaleziono pliku PDB „” z elementem „AF.lib(context.obj)” lub w pozycji „”; obiekt zostanie skonsolidowany bez informacji debugowania
AF.lib(init.obj) : warning LNK4099: nie znaleziono pliku PDB „” z elementem „AF.lib(init.obj)” lub w pozycji „”; obiekt zostanie skonsolidowany bez informacji debugowania
AF.lib(monitor.obj) : warning LNK4099: nie znaleziono pliku PDB „” z elementem „AF.lib(monitor.obj)” lub w pozycji „”; obiekt zostanie skonsolidowany bez informacji debugowania
AF.lib(win32_window.obj) : warning LNK4099: nie znaleziono pliku PDB „” z elementem „AF.lib(win32_window.obj)” lub w pozycji „”; obiekt zostanie skonsolidowany bez informacji debugowania
AF.lib(win32_joystick.obj) : warning LNK4099: nie znaleziono pliku PDB „” z elementem „AF.lib(win32_joystick.obj)” lub w pozycji „”; obiekt zostanie skonsolidowany bez informacji debugowania
AF.lib(win32_time.obj) : warning LNK4099: nie znaleziono pliku PDB „” z elementem „AF.lib(win32_time.obj)” lub w pozycji „”; obiekt zostanie skonsolidowany bez informacji debugowania
AF.lib(win32_thread.obj) : warning LNK4099: nie znaleziono pliku PDB „” z elementem „AF.lib(win32_thread.obj)” lub w pozycji „”; obiekt zostanie skonsolidowany bez informacji debugowania
AF.lib(win32_init.obj) : warning LNK4099: nie znaleziono pliku PDB „” z elementem „AF.lib(win32_init.obj)” lub w pozycji „”; obiekt zostanie skonsolidowany bez informacji debugowania
AF.lib(win32_monitor.obj) : warning LNK4099: nie znaleziono pliku PDB „” z elementem „AF.lib(win32_monitor.obj)” lub w pozycji „”; obiekt zostanie skonsolidowany bez informacji debugowania
AF.lib(vulkan.obj) : warning LNK4099: nie znaleziono pliku PDB „” z elementem „AF.lib(vulkan.obj)” lub w pozycji „”; obiekt zostanie skonsolidowany bez informacji debugowania
AF.lib(wgl_context.obj) : warning LNK4099: nie znaleziono pliku PDB „” z elementem „AF.lib(wgl_context.obj)” lub w pozycji „”; obiekt zostanie skonsolidowany bez informacji debugowania
AF.lib(egl_context.obj) : warning LNK4099: nie znaleziono pliku PDB „” z elementem „AF.lib(egl_context.obj)” lub w pozycji „”; obiekt zostanie skonsolidowany bez informacji debugowania
AF.lib(osmesa_context.obj) : warning LNK4099: nie znaleziono pliku PDB „” z elementem „AF.lib(osmesa_context.obj)” lub w pozycji „”; obiekt zostanie skonsolidowany bez informacji debugowania
AF.lib(AF.obj) : warning LNK4099: nie znaleziono pliku PDB „” z elementem „AF.lib(AF.obj)” lub w pozycji „”; obiekt zostanie skonsolidowany bez informacji debugowania
AF.lib(input.obj) : warning LNK4099: nie znaleziono pliku PDB „” z elementem „AF.lib(input.obj)” lub w pozycji „”; obiekt zostanie skonsolidowany bez informacji debugowania
AF.lib(application.obj) : warning LNK4099: nie znaleziono pliku PDB „” z elementem „AF.lib(application.obj)” lub w pozycji „”; obiekt zostanie skonsolidowany bez informacji debugowania
AF.lib(vector.obj) : warning LNK4099: nie znaleziono pliku PDB „” z elementem „AF.lib(vector.obj)” lub w pozycji „”; obiekt zostanie skonsolidowany bez informacji debugowania
AF.lib(context.obj) : warning LNK4099: nie znaleziono pliku PDB „” z elementem „AF.lib(context.obj)” lub w pozycji „”; obiekt zostanie skonsolidowany bez informacji debugowania
AF.lib(glad.obj) : warning LNK4099: nie znaleziono pliku PDB „” z elementem „AF.lib(glad.obj)” lub w pozycji „”; obiekt zostanie skonsolidowany bez informacji debugowania
AF.lib(matrix.obj) : warning LNK4099: nie znaleziono pliku PDB „” z elementem „AF.lib(matrix.obj)” lub w pozycji „”; obiekt zostanie skonsolidowany bez informacji debugowania
AF.lib(object.obj) : warning LNK4099: nie znaleziono pliku PDB „” z elementem „AF.lib(object.obj)” lub w pozycji „”; obiekt zostanie skonsolidowany bez informacji debugowania
AF.lib(nds.obj) : warning LNK4099: nie znaleziono pliku PDB „” z elementem „AF.lib(nds.obj)” lub w pozycji „”; obiekt zostanie skonsolidowany bez informacji debugowania
AF.lib(stb.obj) : warning LNK4099: nie znaleziono pliku PDB „” z elementem „AF.lib(stb.obj)” lub w pozycji „”; obiekt zostanie skonsolidowany bez informacji debugowania
AF.lib(utility.obj) : warning LNK4099: nie znaleziono pliku PDB „” z elementem „AF.lib(utility.obj)” lub w pozycji „”; obiekt zostanie skonsolidowany bez informacji debugowania
  Application.vcxproj -> D:\Dev\ApplicationFramework\examples\Application.exe
